
Showing logs for build [32mcb-kubecd-environment-pr-164-94-hvglx-1[0m stage [32mfrom-build-pack[0m and container [32mstep-credential-initializer-5zx2k[0m
{"level":"warn","ts":1582331301.0821908,"logger":"fallback-logger","caller":"logging/config.go:69","msg":"Fetch GitHub commit ID from kodata failed: \"ref: refs/heads/0.8.0-**-support-backwards-incompats\" is not a valid GitHub commit ID"}
{"level":"info","ts":1582331301.0826256,"logger":"fallback-logger","caller":"creds-init/main.go:40","msg":"Credentials initialized."}

Showing logs for build [32mcb-kubecd-environment-pr-164-94-hvglx-1[0m stage [32mfrom-build-pack[0m and container [32mstep-working-dir-initializer-mnrmm[0m
{"level":"warn","ts":1582331302.3697464,"logger":"fallback-logger","caller":"logging/config.go:69","msg":"Fetch GitHub commit ID from kodata failed: open /var/run/ko/HEAD: no such file or directory"}
{"level":"info","ts":1582331302.3727162,"logger":"fallback-logger","caller":"bash/main.go:64","msg":"Successfully executed command \"sh -c mkdir -p /workspace/source\"; output "}

Showing logs for build [32mcb-kubecd-environment-pr-164-94-hvglx-1[0m stage [32mfrom-build-pack[0m and container [32mstep-place-tools[0m

Showing logs for build [32mcb-kubecd-environment-pr-164-94-hvglx-1[0m stage [32mfrom-build-pack[0m and container [32mstep-git-source-cb-kubecd-environment-pr-164-94-hvglx-s25jr[0m
{"level":"warn","ts":1582331305.4884732,"logger":"fallback-logger","caller":"logging/config.go:69","msg":"Fetch GitHub commit ID from kodata failed: \"ref: refs/heads/0.8.0-**-support-backwards-incompats\" is not a valid GitHub commit ID"}
{"level":"info","ts":1582331306.5382345,"logger":"fallback-logger","caller":"git/git.go:103","msg":"Successfully cloned https://github.com/cb-kubecd/environment-pr-164-94-boot-gke-staging.git @ master in path /workspace/source"}

Showing logs for build [32mcb-kubecd-environment-pr-164-94-hvglx-1[0m stage [32mfrom-build-pack[0m and container [32mstep-git-merge[0m
Using SHAs from PULL_REFS=master:f5513427b989e90c75dd50a8ab767cf9cc00efa0,1:be333e67865430c0640f8514cd1c9f2c7d47177b
DEBUG: LC_ALL=C JX_LOG_LEVEL=error git fetch origin --unshallow be333e67865430c0640f8514cd1c9f2c7d47177b: f5513427b989e90c75dd50a8ab767cf9cc00efa0:
DEBUG: ran git fetch --unshallow origin be333e67865430c0640f8514cd1c9f2c7d47177b: f5513427b989e90c75dd50a8ab767cf9cc00efa0: in 
DEBUG: LC_ALL=C JX_LOG_LEVEL=error git branch
DEBUG: LC_ALL=C JX_LOG_LEVEL=error git checkout master
DEBUG: ran git checkout master in 
DEBUG: JX_LOG_LEVEL=error LC_ALL=C git reset --hard f5513427b989e90c75dd50a8ab767cf9cc00efa0
DEBUG: ran git reset --hard f5513427b989e90c75dd50a8ab767cf9cc00efa0 in 
DEBUG: LC_ALL=C JX_LOG_LEVEL=error git clean -fd .
DEBUG: ran clean --force -d . in 
DEBUG: LC_ALL=C JX_LOG_LEVEL=error git merge be333e67865430c0640f8514cd1c9f2c7d47177b
DEBUG: ran git merge be333e67865430c0640f8514cd1c9f2c7d47177b in 
DEBUG: LC_ALL=C JX_LOG_LEVEL=error git log --format=%H%x1f%an%x1f%ae%x1f%cn%x1f%ce%x1f%s%n%b%x1e f5513427b989e90c75dd50a8ab767cf9cc00efa0..HEAD
Merged SHA be333e67865430c0640f8514cd1c9f2c7d47177b with commit message 'chore: Promote bdd-spring-1582330998 to version 0.0.1' into base branch master

Showing logs for build [32mcb-kubecd-environment-pr-164-94-hvglx-1[0m stage [32mfrom-build-pack[0m and container [32mstep-build-helm-build[0m
WARNING: No $CHART_REPOSITORY defined so using the default value of: http://jenkins-x-chartmuseum:8080
Adding missing Helm repo: storage.googleapis.com https://storage.googleapis.com/chartmuseum.jenkins-x.io
WARNING: No secrets found on "helm/repos" due: reading the secret "helm/repos" from vault: no secret "helm/repos" not found in vault
Read credentials for https://storage.googleapis.com/chartmuseum.jenkins-x.io from vault helm/repos
Successfully added Helm repository storage.googleapis.com.
Adding missing Helm repo: jenkins-x-chartmuseum http://jenkins-x-chartmuseum:8080
WARNING: No secrets found on "helm/repos" due: reading the secret "helm/repos" from vault: no secret "helm/repos" not found in vault
Read credentials for http://jenkins-x-chartmuseum:8080 from vault helm/repos
Successfully added Helm repository jenkins-x-chartmuseum.
WARNING: No $CHART_REPOSITORY defined so using the default value of: http://jenkins-x-chartmuseum:8080
Adding missing Helm repo: chartmuseum.jenkins-x.io http://chartmuseum.jenkins-x.io
WARNING: No secrets found on "helm/repos" due: reading the secret "helm/repos" from vault: no secret "helm/repos" not found in vault
Read credentials for http://chartmuseum.jenkins-x.io from vault helm/repos
Successfully added Helm repository chartmuseum.jenkins-x.io.
