
Showing logs for build [32mcb-kubecd-environment-pr-164-94-ls5m6-1[0m stage [32mfrom-build-pack[0m and container [32mstep-credential-initializer-k8zmd[0m
{"level":"warn","ts":1582334454.4343848,"logger":"fallback-logger","caller":"logging/config.go:69","msg":"Fetch GitHub commit ID from kodata failed: \"ref: refs/heads/0.8.0-**-support-backwards-incompats\" is not a valid GitHub commit ID"}
{"level":"info","ts":1582334454.435412,"logger":"fallback-logger","caller":"creds-init/main.go:40","msg":"Credentials initialized."}

Showing logs for build [32mcb-kubecd-environment-pr-164-94-ls5m6-1[0m stage [32mfrom-build-pack[0m and container [32mstep-working-dir-initializer-m26jk[0m
{"level":"warn","ts":1582334455.465048,"logger":"fallback-logger","caller":"logging/config.go:69","msg":"Fetch GitHub commit ID from kodata failed: open /var/run/ko/HEAD: no such file or directory"}
{"level":"info","ts":1582334455.4662905,"logger":"fallback-logger","caller":"bash/main.go:64","msg":"Successfully executed command \"sh -c mkdir -p /workspace/source\"; output "}

Showing logs for build [32mcb-kubecd-environment-pr-164-94-ls5m6-1[0m stage [32mfrom-build-pack[0m and container [32mstep-place-tools[0m

Showing logs for build [32mcb-kubecd-environment-pr-164-94-ls5m6-1[0m stage [32mfrom-build-pack[0m and container [32mstep-git-source-cb-kubecd-environment-pr-164-94-ls5m6-z7xgw[0m
{"level":"warn","ts":1582334461.6239185,"logger":"fallback-logger","caller":"logging/config.go:69","msg":"Fetch GitHub commit ID from kodata failed: \"ref: refs/heads/0.8.0-**-support-backwards-incompats\" is not a valid GitHub commit ID"}
{"level":"info","ts":1582334462.672822,"logger":"fallback-logger","caller":"git/git.go:103","msg":"Successfully cloned https://github.com/cb-kubecd/environment-pr-164-94-boot-gke-staging.git @ master in path /workspace/source"}

Showing logs for build [32mcb-kubecd-environment-pr-164-94-ls5m6-1[0m stage [32mfrom-build-pack[0m and container [32mstep-git-merge[0m
Using SHAs from PULL_REFS=master:898a2d0ef92ff4d0449044f50a0c93a9f1e408cb,5:b20c5f2bf2cbf4c0639adf0a81e8e70fd66f4dfd
DEBUG: LC_ALL=C JX_LOG_LEVEL=error git fetch origin --unshallow b20c5f2bf2cbf4c0639adf0a81e8e70fd66f4dfd: 898a2d0ef92ff4d0449044f50a0c93a9f1e408cb:
DEBUG: ran git fetch --unshallow origin b20c5f2bf2cbf4c0639adf0a81e8e70fd66f4dfd: 898a2d0ef92ff4d0449044f50a0c93a9f1e408cb: in 
DEBUG: LC_ALL=C JX_LOG_LEVEL=error git branch
DEBUG: LC_ALL=C JX_LOG_LEVEL=error git checkout master
DEBUG: ran git checkout master in 
DEBUG: LC_ALL=C JX_LOG_LEVEL=error git reset --hard 898a2d0ef92ff4d0449044f50a0c93a9f1e408cb
DEBUG: ran git reset --hard 898a2d0ef92ff4d0449044f50a0c93a9f1e408cb in 
DEBUG: LC_ALL=C JX_LOG_LEVEL=error git clean -fd .
DEBUG: ran clean --force -d . in 
DEBUG: LC_ALL=C JX_LOG_LEVEL=error git merge b20c5f2bf2cbf4c0639adf0a81e8e70fd66f4dfd
DEBUG: ran git merge b20c5f2bf2cbf4c0639adf0a81e8e70fd66f4dfd in 
DEBUG: LC_ALL=C JX_LOG_LEVEL=error git log --format=%H%x1f%an%x1f%ae%x1f%cn%x1f%ce%x1f%s%n%b%x1e 898a2d0ef92ff4d0449044f50a0c93a9f1e408cb..HEAD
Merged SHA b20c5f2bf2cbf4c0639adf0a81e8e70fd66f4dfd with commit message 'chore: Promote bdd-sbhg-import-1582334211 to version 0.0.1' into base branch master

Showing logs for build [32mcb-kubecd-environment-pr-164-94-ls5m6-1[0m stage [32mfrom-build-pack[0m and container [32mstep-build-helm-build[0m
WARNING: No $CHART_REPOSITORY defined so using the default value of: http://jenkins-x-chartmuseum:8080
Adding missing Helm repo: storage.googleapis.com https://storage.googleapis.com/chartmuseum.jenkins-x.io
WARNING: No secrets found on "helm/repos" due: reading the secret "helm/repos" from vault: no secret "helm/repos" not found in vault
Read credentials for https://storage.googleapis.com/chartmuseum.jenkins-x.io from vault helm/repos
Successfully added Helm repository storage.googleapis.com.
Adding missing Helm repo: jenkins-x-chartmuseum http://jenkins-x-chartmuseum:8080
WARNING: No secrets found on "helm/repos" due: reading the secret "helm/repos" from vault: no secret "helm/repos" not found in vault
Read credentials for http://jenkins-x-chartmuseum:8080 from vault helm/repos
Successfully added Helm repository jenkins-x-chartmuseum.
WARNING: No $CHART_REPOSITORY defined so using the default value of: http://jenkins-x-chartmuseum:8080
Adding missing Helm repo: chartmuseum.jenkins-x.io http://chartmuseum.jenkins-x.io
WARNING: No secrets found on "helm/repos" due: reading the secret "helm/repos" from vault: no secret "helm/repos" not found in vault
Read credentials for http://chartmuseum.jenkins-x.io from vault helm/repos
Successfully added Helm repository chartmuseum.jenkins-x.io.
